<?xml version="1.0" encoding="utf-8"?><testsuites name="pytest tests"><testsuite name="pytest" errors="0" failures="5" skipped="0" tests="17" time="2.700" timestamp="2026-01-30T14:14:07.971194+00:00" hostname="agent-env-25647dc8-c99f-49af-9413-a53577a6e675"><testcase classname="tests.test_auth_remember_me_coupons.TestHealthCheck" name="test_api_health" time="0.083" /><testcase classname="tests.test_auth_remember_me_coupons.TestLoginRememberMe" name="test_login_with_remember_me_true" time="0.275" /><testcase classname="tests.test_auth_remember_me_coupons.TestLoginRememberMe" name="test_login_with_remember_me_false" time="0.305" /><testcase classname="tests.test_auth_remember_me_coupons.TestLoginRememberMe" name="test_login_without_remember_me_defaults_to_false" time="0.276" /><testcase classname="tests.test_auth_remember_me_coupons.TestLoginRememberMe" name="test_login_invalid_credentials" time="0.043" /><testcase classname="tests.test_auth_remember_me_coupons.TestRegistration" name="test_register_new_user" time="0.272" /><testcase classname="tests.test_auth_remember_me_coupons.TestRegistration" name="test_register_duplicate_email_fails" time="0.046" /><testcase classname="tests.test_auth_remember_me_coupons.TestRegistration" name="test_register_without_company" time="0.276" /><testcase classname="tests.test_auth_remember_me_coupons.TestCouponValidation" name="test_validate_coupon_1" time="0.042"><failure message="AssertionError: Coupon should be valid: {'valid': False, 'message': 'Coupon is redeemed'}&#10;assert False == True">tests/test_auth_remember_me_coupons.py:194: in test_validate_coupon_1
    assert data["valid"] == True, f"Coupon should be valid: {data}"
E   AssertionError: Coupon should be valid: {'valid': False, 'message': 'Coupon is redeemed'}
E   assert False == True</failure></testcase><testcase classname="tests.test_auth_remember_me_coupons.TestCouponValidation" name="test_validate_coupon_2" time="0.042"><failure message="AssertionError: Coupon should be valid: {'valid': False, 'message': 'Coupon is redeemed'}&#10;assert False == True">tests/test_auth_remember_me_coupons.py:205: in test_validate_coupon_2
    assert data["valid"] == True, f"Coupon should be valid: {data}"
E   AssertionError: Coupon should be valid: {'valid': False, 'message': 'Coupon is redeemed'}
E   assert False == True</failure></testcase><testcase classname="tests.test_auth_remember_me_coupons.TestCouponValidation" name="test_validate_coupon_3" time="0.038" /><testcase classname="tests.test_auth_remember_me_coupons.TestCouponValidation" name="test_validate_invalid_coupon" time="0.082" /><testcase classname="tests.test_auth_remember_me_coupons.TestCouponValidation" name="test_validate_coupon_case_insensitive" time="0.048"><failure message="AssertionError: Coupon validation should be case insensitive&#10;assert False == True">tests/test_auth_remember_me_coupons.py:234: in test_validate_coupon_case_insensitive
    assert data["valid"] == True, "Coupon validation should be case insensitive"
E   AssertionError: Coupon validation should be case insensitive
E   assert False == True</failure></testcase><testcase classname="tests.test_auth_remember_me_coupons.TestCouponRedemption" name="test_redeem_coupon_requires_auth" time="0.042" /><testcase classname="tests.test_auth_remember_me_coupons.TestCouponRedemption" name="test_redeem_invalid_coupon" time="0.312" /><testcase classname="tests.test_auth_remember_me_coupons.TestCouponRedemption" name="test_redeem_valid_coupon_and_verify_premium" time="0.356"><failure message="AssertionError: Redemption failed: {&quot;detail&quot;:&quot;This coupon has already been redeemed&quot;}&#10;assert 400 == 200&#10; +  where 400 = &lt;Response [400]&gt;.status_code">tests/test_auth_remember_me_coupons.py:297: in test_redeem_valid_coupon_and_verify_premium
    assert redeem_response.status_code == 200, f"Redemption failed: {redeem_response.text}"
E   AssertionError: Redemption failed: {"detail":"This coupon has already been redeemed"}
E   assert 400 == 200
E    +  where 400 = &lt;Response [400]&gt;.status_code</failure></testcase><testcase classname="tests.test_auth_remember_me_coupons.TestFullRegistrationWithCouponFlow" name="test_register_validate_redeem_flow" time="0.037"><failure message="assert False == True">tests/test_auth_remember_me_coupons.py:326: in test_register_validate_redeem_flow
    assert validate_data["valid"] == True
E   assert False == True</failure></testcase></testsuite></testsuites>