<?xml version="1.0" encoding="utf-8"?><testsuites name="pytest tests"><testsuite name="pytest" errors="0" failures="1" skipped="0" tests="20" time="14.561" timestamp="2026-01-27T11:01:11.872483+00:00" hostname="agent-env-5643a287-b8a9-474f-9b8a-ff9d127dabdc"><testcase classname="backend.tests.test_advanced_tools.TestGoalsEndpoints" name="test_create_goal" time="0.392" /><testcase classname="backend.tests.test_advanced_tools.TestGoalsEndpoints" name="test_create_goal_with_status_calculation" time="0.367" /><testcase classname="backend.tests.test_advanced_tools.TestGoalsEndpoints" name="test_create_completed_goal" time="0.373" /><testcase classname="backend.tests.test_advanced_tools.TestGoalsEndpoints" name="test_get_client_goals" time="0.365" /><testcase classname="backend.tests.test_advanced_tools.TestGoalsEndpoints" name="test_create_goal_invalid_client" time="0.327" /><testcase classname="backend.tests.test_advanced_tools.TestMeetingsEndpoints" name="test_create_meeting_note" time="0.330" /><testcase classname="backend.tests.test_advanced_tools.TestMeetingsEndpoints" name="test_get_client_meetings" time="0.383" /><testcase classname="backend.tests.test_advanced_tools.TestMeetingsEndpoints" name="test_get_pending_action_items" time="0.357" /><testcase classname="backend.tests.test_advanced_tools.TestReviewsEndpoints" name="test_create_review_schedule" time="0.324" /><testcase classname="backend.tests.test_advanced_tools.TestReviewsEndpoints" name="test_get_client_review" time="0.324"><failure message="AssertionError: Create review failed: Internal Server Error&#10;assert 520 == 200&#10; +  where 520 = &lt;Response [520]&gt;.status_code">backend/tests/test_advanced_tools.py:316: in test_get_client_review
    assert create_response.status_code == 200, f"Create review failed: {create_response.text}"
E   AssertionError: Create review failed: Internal Server Error
E   assert 520 == 200
E    +  where 520 = &lt;Response [520]&gt;.status_code</failure></testcase><testcase classname="backend.tests.test_advanced_tools.TestReviewsEndpoints" name="test_get_upcoming_reviews" time="0.372" /><testcase classname="backend.tests.test_advanced_tools.TestPortfolioEndpoints" name="test_create_portfolio" time="0.325" /><testcase classname="backend.tests.test_advanced_tools.TestPortfolioEndpoints" name="test_get_client_portfolio" time="7.629" /><testcase classname="backend.tests.test_advanced_tools.TestPortfolioEndpoints" name="test_get_rebalancing_suggestions" time="0.396" /><testcase classname="backend.tests.test_advanced_tools.TestMonteCarloEndpoint" name="test_run_monte_carlo_simulation" time="0.301" /><testcase classname="backend.tests.test_advanced_tools.TestMonteCarloEndpoint" name="test_monte_carlo_with_high_savings" time="0.348" /><testcase classname="backend.tests.test_advanced_tools.TestMonteCarloEndpoint" name="test_monte_carlo_with_low_savings" time="0.293" /><testcase classname="backend.tests.test_advanced_tools.TestPDFReportEndpoint" name="test_download_analysis_report" time="0.373" /><testcase classname="backend.tests.test_advanced_tools.TestPDFReportEndpoint" name="test_download_goals_report" time="0.396" /><testcase classname="backend.tests.test_advanced_tools.TestPDFReportEndpoint" name="test_download_report_invalid_client" time="0.483" /></testsuite></testsuites>