<?xml version="1.0" encoding="utf-8"?><testsuites name="pytest tests"><testsuite name="pytest" errors="0" failures="0" skipped="0" tests="39" time="19.246" timestamp="2026-06-18T16:48:59.210081+00:00" hostname="agent-env-b275f156-2ba4-4cf6-9d22-ab1892434d5b"><testcase classname="backend.tests.test_full_sweep_iter34.TestAuth" name="test_admin_login" time="0.659" /><testcase classname="backend.tests.test_full_sweep_iter34.TestAuth" name="test_login_bad_password" time="0.282" /><testcase classname="backend.tests.test_full_sweep_iter34.TestAuth" name="test_login_missing_fields" time="0.050" /><testcase classname="backend.tests.test_full_sweep_iter34.TestAuth" name="test_register_individual_returns_role" time="0.274" /><testcase classname="backend.tests.test_full_sweep_iter34.TestAuth" name="test_register_advisor_returns_role" time="0.274" /><testcase classname="backend.tests.test_full_sweep_iter34.TestAuth" name="test_me_endpoint_individual" time="0.055" /><testcase classname="backend.tests.test_full_sweep_iter34.TestAuth" name="test_me_endpoint_advisor" time="0.056" /><testcase classname="backend.tests.test_full_sweep_iter34.TestAuth" name="test_forgot_password" time="0.300" /><testcase classname="backend.tests.test_full_sweep_iter34.TestIndividualFlows" name="test_save_financial_profile" time="0.057" /><testcase classname="backend.tests.test_full_sweep_iter34.TestIndividualFlows" name="test_digest_preview" time="1.995" /><testcase classname="backend.tests.test_full_sweep_iter34.TestIndividualFlows" name="test_irp5_vault_list" time="0.049" /><testcase classname="backend.tests.test_full_sweep_iter34.TestAdvisorTools" name="test_report_branding_get" time="0.047" /><testcase classname="backend.tests.test_full_sweep_iter34.TestAdvisorTools" name="test_report_branding_put" time="0.045" /><testcase classname="backend.tests.test_full_sweep_iter34.TestAdvisorTools" name="test_report_generate" time="7.730" /><testcase classname="backend.tests.test_full_sweep_iter34.TestAdvisorTools" name="test_email_templates" time="0.048" /><testcase classname="backend.tests.test_full_sweep_iter34.TestAdvisorTools" name="test_email_generate" time="4.159" /><testcase classname="backend.tests.test_full_sweep_iter34.TestAdvisorTools" name="test_compliance_record_types" time="0.049" /><testcase classname="backend.tests.test_full_sweep_iter34.TestAdvisorTools" name="test_compliance_generate" time="1.834" /><testcase classname="backend.tests.test_full_sweep_iter34.TestAdvisorTools" name="test_portfolio_review_list" time="0.051" /><testcase classname="backend.tests.test_full_sweep_iter34.TestAdvisorTools" name="test_smart_suggestions_all" time="0.050" /><testcase classname="backend.tests.test_full_sweep_iter34.TestAdvisorTools" name="test_clients_list" time="0.058" /><testcase classname="backend.tests.test_full_sweep_iter34.TestAdvisorTools" name="test_clients_create_then_360" time="0.128" /><testcase classname="backend.tests.test_full_sweep_iter34.TestDocumentReader" name="test_analyses_list" time="0.059" /><testcase classname="backend.tests.test_full_sweep_iter34.TestPaymentsCoupons" name="test_pricing_endpoint" time="0.058" /><testcase classname="backend.tests.test_full_sweep_iter34.TestPaymentsCoupons" name="test_subscription_current_individual" time="0.053" /><testcase classname="backend.tests.test_full_sweep_iter34.TestPaymentsCoupons" name="test_payfast_status_unknown" time="0.058" /><testcase classname="backend.tests.test_full_sweep_iter34.TestPaymentsCoupons" name="test_coupon_validate_unknown" time="0.059" /><testcase classname="backend.tests.test_full_sweep_iter34.TestPaymentsCoupons" name="test_coupon_validate_admin_owner_vip" time="0.057" /><testcase classname="backend.tests.test_full_sweep_iter34.TestRoleGating" name="test_individual_blocked_from_advisor_endpoint[GET-/reports-None]" time="0.044" /><testcase classname="backend.tests.test_full_sweep_iter34.TestRoleGating" name="test_individual_blocked_from_advisor_endpoint[GET-/reports/branding-None]" time="0.042" /><testcase classname="backend.tests.test_full_sweep_iter34.TestRoleGating" name="test_individual_blocked_from_advisor_endpoint[POST-/reports/generate-body2]" time="0.053" /><testcase classname="backend.tests.test_full_sweep_iter34.TestRoleGating" name="test_individual_blocked_from_advisor_endpoint[GET-/emails/templates-None]" time="0.050" /><testcase classname="backend.tests.test_full_sweep_iter34.TestRoleGating" name="test_individual_blocked_from_advisor_endpoint[POST-/emails/generate-body4]" time="0.042" /><testcase classname="backend.tests.test_full_sweep_iter34.TestRoleGating" name="test_individual_blocked_from_advisor_endpoint[GET-/compliance/record-types-None]" time="0.045" /><testcase classname="backend.tests.test_full_sweep_iter34.TestRoleGating" name="test_individual_blocked_from_advisor_endpoint[GET-/portfolio-review-None]" time="0.043" /><testcase classname="backend.tests.test_full_sweep_iter34.TestRoleGating" name="test_individual_blocked_from_advisor_endpoint[GET-/clients-None]" time="0.047" /><testcase classname="backend.tests.test_full_sweep_iter34.TestRoleGating" name="test_individual_blocked_from_advisor_endpoint[GET-/smart-suggestions/all-None]" time="0.081" /><testcase classname="backend.tests.test_full_sweep_iter34.TestSurface" name="test_health" time="0.043" /><testcase classname="backend.tests.test_full_sweep_iter34.TestSurface" name="test_404_unknown_api" time="0.070" /></testsuite></testsuites>