<?xml version="1.0" encoding="utf-8"?><testsuites name="pytest tests"><testsuite name="pytest" errors="0" failures="0" skipped="0" tests="19" time="10.780" timestamp="2026-05-22T15:21:52.257363+00:00" hostname="agent-env-b275f156-2ba4-4cf6-9d22-ab1892434d5b"><testcase classname="backend.tests.test_irp5_vault.TestUploadAndParse" name="test_upload_pdf_returns_document_and_parsed" time="4.367" /><testcase classname="backend.tests.test_irp5_vault.TestValidation" name="test_reject_unsupported_extension" time="0.060" /><testcase classname="backend.tests.test_irp5_vault.TestValidation" name="test_reject_empty_file" time="0.058" /><testcase classname="backend.tests.test_irp5_vault.TestValidation" name="test_reject_oversized_file" time="0.908" /><testcase classname="backend.tests.test_irp5_vault.TestListGetDownload" name="test_list_returns_uploaded" time="0.084" /><testcase classname="backend.tests.test_irp5_vault.TestListGetDownload" name="test_get_single_doc" time="0.058" /><testcase classname="backend.tests.test_irp5_vault.TestListGetDownload" name="test_get_cross_user_404" time="0.350" /><testcase classname="backend.tests.test_irp5_vault.TestListGetDownload" name="test_download_with_query_auth" time="0.196" /><testcase classname="backend.tests.test_irp5_vault.TestListGetDownload" name="test_download_with_bearer_header" time="0.228" /><testcase classname="backend.tests.test_irp5_vault.TestListGetDownload" name="test_download_unauthenticated_returns_401" time="0.058" /><testcase classname="backend.tests.test_irp5_vault.TestListGetDownload" name="test_download_cross_user_404" time="0.057" /><testcase classname="backend.tests.test_irp5_vault.TestDelete" name="test_delete_first_call_succeeds" time="0.059" /><testcase classname="backend.tests.test_irp5_vault.TestDelete" name="test_delete_second_call_404" time="0.062" /><testcase classname="backend.tests.test_irp5_vault.TestDelete" name="test_list_excludes_deleted" time="0.057" /><testcase classname="backend.tests.test_irp5_vault.TestUnauth" name="test_list_unauth" time="0.057" /><testcase classname="backend.tests.test_irp5_vault.TestUnauth" name="test_upload_unauth" time="0.057" /><testcase classname="backend.tests.test_irp5_vault.TestNoRoleGate" name="test_advisor_can_upload_and_list" time="3.825" /><testcase classname="backend.tests.test_irp5_vault.TestRegression" name="test_digest_preview_still_reachable_for_individual" time="0.062" /><testcase classname="backend.tests.test_irp5_vault.TestRegression" name="test_individual_blocked_from_advisor_routes" time="0.060" /></testsuite></testsuites>