<?xml version="1.0" encoding="utf-8"?><testsuites name="pytest tests"><testsuite name="pytest" errors="0" failures="0" skipped="0" tests="25" time="8.262" timestamp="2026-01-27T13:12:01.319570+00:00" hostname="agent-env-5643a287-b8a9-474f-9b8a-ff9d127dabdc"><testcase classname="backend.tests.test_iteration8_features.TestMarketDataSAMarket" name="test_market_data_returns_200" time="0.077" /><testcase classname="backend.tests.test_iteration8_features.TestMarketDataSAMarket" name="test_market_data_has_indices" time="0.040" /><testcase classname="backend.tests.test_iteration8_features.TestMarketDataSAMarket" name="test_sa_market_eza_etf_in_indices" time="0.042" /><testcase classname="backend.tests.test_iteration8_features.TestMarketDataSAMarket" name="test_sa_market_has_valid_data" time="0.043" /><testcase classname="backend.tests.test_iteration8_features.TestMarketDataCommodities" name="test_commodities_has_gold" time="0.038" /><testcase classname="backend.tests.test_iteration8_features.TestMarketDataCommodities" name="test_commodities_has_silver" time="0.035" /><testcase classname="backend.tests.test_iteration8_features.TestMarketDataCommodities" name="test_commodities_has_bitcoin" time="0.038" /><testcase classname="backend.tests.test_iteration8_features.TestMarketDataCommodities" name="test_gold_has_valid_price" time="0.040" /><testcase classname="backend.tests.test_iteration8_features.TestMarketDataCommodities" name="test_silver_has_valid_price" time="0.041" /><testcase classname="backend.tests.test_iteration8_features.TestMarketDataCommodities" name="test_bitcoin_has_valid_price" time="0.035" /><testcase classname="backend.tests.test_iteration8_features.TestSubscriptionPricing" name="test_pricing_returns_200" time="0.037" /><testcase classname="backend.tests.test_iteration8_features.TestSubscriptionPricing" name="test_pricing_has_tiers" time="0.039" /><testcase classname="backend.tests.test_iteration8_features.TestSubscriptionPricing" name="test_pricing_has_free_tier" time="0.035" /><testcase classname="backend.tests.test_iteration8_features.TestSubscriptionPricing" name="test_pricing_has_standard_tier" time="0.035" /><testcase classname="backend.tests.test_iteration8_features.TestSubscriptionPricing" name="test_pricing_has_premium_tier" time="0.031" /><testcase classname="backend.tests.test_iteration8_features.TestAuthEndpoints" name="test_register_endpoint_exists" time="0.039" /><testcase classname="backend.tests.test_iteration8_features.TestAuthEndpoints" name="test_login_endpoint_exists" time="0.038" /><testcase classname="backend.tests.test_iteration8_features.TestAuthEndpoints" name="test_register_returns_token" time="0.286" /><testcase classname="backend.tests.test_iteration8_features.TestAuthEndpoints" name="test_login_with_valid_credentials" time="0.296" /><testcase classname="backend.tests.test_iteration8_features.TestAIAdvisorEndpoints" name="test_quick_tip_no_auth_required" time="0.033" /><testcase classname="backend.tests.test_iteration8_features.TestAIAdvisorEndpoints" name="test_quick_tip_returns_tip" time="0.034" /><testcase classname="backend.tests.test_iteration8_features.TestAIAdvisorEndpoints" name="test_chat_requires_auth" time="0.034" /><testcase classname="backend.tests.test_iteration8_features.TestAIAdvisorEndpoints" name="test_chat_with_auth" time="6.746" /><testcase classname="backend.tests.test_iteration8_features.TestHealthEndpoint" name="test_health_returns_200" time="0.051" /><testcase classname="backend.tests.test_iteration8_features.TestHealthEndpoint" name="test_health_returns_healthy_status" time="0.031" /></testsuite></testsuites>