<?xml version="1.0" encoding="utf-8"?><testsuites name="pytest tests"><testsuite name="pytest" errors="0" failures="0" skipped="0" tests="8" time="5.130" timestamp="2026-04-21T14:59:01.501607+00:00" hostname="agent-env-6bf814ce-59da-4a76-83bb-2e7cbd1c84c3"><testcase classname="backend.tests.test_document_reader" name="test_analyze_no_client_id" time="1.928" /><testcase classname="backend.tests.test_document_reader" name="test_analyze_with_custom_prompt" time="2.082" /><testcase classname="backend.tests.test_document_reader" name="test_list_analyses" time="0.107" /><testcase classname="backend.tests.test_document_reader" name="test_get_analysis" time="0.194" /><testcase classname="backend.tests.test_document_reader" name="test_delete_analysis" time="0.350" /><testcase classname="backend.tests.test_document_reader" name="test_cleanup_custom" time="0.128" /><testcase classname="backend.tests.test_document_reader" name="test_analyze_invalid_file_type" time="0.116" /><testcase classname="backend.tests.test_document_reader" name="test_analyze_unauthenticated" time="0.160" /></testsuite></testsuites>