<?xml version="1.0" encoding="utf-8"?><testsuites name="pytest tests"><testsuite name="pytest" errors="0" failures="0" skipped="0" tests="6" time="6.382" timestamp="2026-05-22T12:31:52.300241+00:00" hostname="agent-env-6bf814ce-59da-4a76-83bb-2e7cbd1c84c3"><testcase classname="backend.tests.test_client_360.TestClient360Access" name="test_requires_auth" time="0.838" /><testcase classname="backend.tests.test_client_360.TestClient360Access" name="test_bogus_id_returns_404" time="0.133" /><testcase classname="backend.tests.test_client_360.TestClient360Access" name="test_cross_advisor_isolation" time="0.786" /><testcase classname="backend.tests.test_client_360.TestClient360Shape" name="test_valid_returns_full_shape" time="0.119" /><testcase classname="backend.tests.test_client_360.TestClient360Shape" name="test_empty_client_has_zero_counts_and_empty_timeline" time="0.118" /><testcase classname="backend.tests.test_client_360.TestClient360Aggregation" name="test_timeline_increments_with_seeded_items" time="4.325" /></testsuite></testsuites>