<?xml version="1.0" encoding="utf-8"?><testsuites name="pytest tests"><testsuite name="pytest" errors="0" failures="0" skipped="0" tests="10" time="8.196" timestamp="2026-04-06T11:27:05.141725+00:00" hostname="agent-env-18cd754a-5536-44e6-85bf-02f456e2ef5d"><testcase classname="backend.tests.test_dual_context_receipt.TestReceiptWithVoiceRouteAvailability" name="test_route_exists_get_returns_405" time="0.165" /><testcase classname="backend.tests.test_dual_context_receipt.TestReceiptWithVoiceRouteAvailability" name="test_post_no_image_returns_422" time="0.100" /><testcase classname="backend.tests.test_dual_context_receipt.TestReceiptImageOnly" name="test_image_only_returns_200_with_ocr_fields" time="1.606" /><testcase classname="backend.tests.test_dual_context_receipt.TestReceiptImageOnly" name="test_tiny_image_returns_400" time="0.101" /><testcase classname="backend.tests.test_dual_context_receipt.TestReceiptWithVoiceText" name="test_image_plus_voice_text_returns_dual_context_true" time="1.604" /><testcase classname="backend.tests.test_dual_context_receipt.TestReceiptWithVoiceText" name="test_voice_text_hints_improve_category" time="1.366" /><testcase classname="backend.tests.test_dual_context_receipt.TestReceiptWithVoiceText" name="test_empty_voice_text_treated_as_image_only" time="1.293" /><testcase classname="backend.tests.test_dual_context_receipt.TestReceiptWithVoiceText" name="test_sa_jurisdiction_uses_sa_categories" time="1.570" /><testcase classname="backend.tests.test_dual_context_receipt.TestExistingVoiceEndpointStillWorks" name="test_parse_transaction_route_registered" time="0.103" /><testcase classname="backend.tests.test_dual_context_receipt.TestExistingVoiceEndpointStillWorks" name="test_parse_transaction_missing_audio_returns_422" time="0.226" /></testsuite></testsuites>