<?xml version="1.0" encoding="utf-8"?><testsuites name="pytest tests"><testsuite name="pytest" errors="0" failures="0" skipped="0" tests="10" time="10.173" timestamp="2026-05-22T12:14:10.676061+00:00" hostname="agent-env-6bf814ce-59da-4a76-83bb-2e7cbd1c84c3"><testcase classname="backend.tests.test_portfolio_review.TestValidations" name="test_empty_doc_list_400" time="0.471" /><testcase classname="backend.tests.test_portfolio_review.TestValidations" name="test_invalid_client_id_404" time="0.102" /><testcase classname="backend.tests.test_portfolio_review.TestValidations" name="test_nonexistent_doc_ids_404" time="0.049" /><testcase classname="backend.tests.test_portfolio_review.TestValidations" name="test_requires_auth" time="0.050" /><testcase classname="backend.tests.test_portfolio_review.TestGenerate" name="test_generate_happy_path" time="8.800" /><testcase classname="backend.tests.test_portfolio_review.TestListGetDelete" name="test_list" time="0.055" /><testcase classname="backend.tests.test_portfolio_review.TestListGetDelete" name="test_get_single" time="0.055" /><testcase classname="backend.tests.test_portfolio_review.TestListGetDelete" name="test_get_bogus_404" time="0.051" /><testcase classname="backend.tests.test_portfolio_review.TestListGetDelete" name="test_delete_and_404" time="0.105" /><testcase classname="backend.tests.test_portfolio_review.TestListGetDelete" name="test_delete_nonexistent_404" time="0.378" /></testsuite></testsuites>