<?xml version="1.0" encoding="utf-8"?><testsuites name="pytest tests"><testsuite name="pytest" errors="0" failures="0" skipped="0" tests="17" time="20.330" timestamp="2026-01-27T12:51:20.345648+00:00" hostname="agent-env-5643a287-b8a9-474f-9b8a-ff9d127dabdc"><testcase classname="backend.tests.test_ai_advisor_commodities.TestAIAdvisorQuickTip" name="test_quick_tip_returns_200" time="0.065" /><testcase classname="backend.tests.test_ai_advisor_commodities.TestAIAdvisorQuickTip" name="test_quick_tip_has_tip_field" time="0.041" /><testcase classname="backend.tests.test_ai_advisor_commodities.TestAIAdvisorQuickTip" name="test_quick_tip_has_topic_field" time="0.035" /><testcase classname="backend.tests.test_ai_advisor_commodities.TestAIAdvisorQuickTip" name="test_quick_tip_with_topic_param" time="0.168" /><testcase classname="backend.tests.test_ai_advisor_commodities.TestAIAdvisorChat" name="test_chat_requires_auth" time="0.035" /><testcase classname="backend.tests.test_ai_advisor_commodities.TestAIAdvisorChat" name="test_chat_with_auth_returns_response" time="10.906" /><testcase classname="backend.tests.test_ai_advisor_commodities.TestAIAdvisorChat" name="test_chat_response_contains_financial_content" time="8.602" /><testcase classname="backend.tests.test_ai_advisor_commodities.TestMarketDataCommodities" name="test_market_data_has_commodities" time="0.073" /><testcase classname="backend.tests.test_ai_advisor_commodities.TestMarketDataCommodities" name="test_commodities_has_three_items" time="0.040" /><testcase classname="backend.tests.test_ai_advisor_commodities.TestMarketDataCommodities" name="test_commodities_has_gold" time="0.039" /><testcase classname="backend.tests.test_ai_advisor_commodities.TestMarketDataCommodities" name="test_commodities_has_silver" time="0.037" /><testcase classname="backend.tests.test_ai_advisor_commodities.TestMarketDataCommodities" name="test_commodities_has_bitcoin" time="0.041" /><testcase classname="backend.tests.test_ai_advisor_commodities.TestMarketDataCommodities" name="test_commodity_structure" time="0.039" /><testcase classname="backend.tests.test_ai_advisor_commodities.TestMarketDataCommodities" name="test_commodity_values_are_positive" time="0.037" /><testcase classname="backend.tests.test_ai_advisor_commodities.TestMarketTrackerTabs" name="test_indices_tab_data" time="0.035" /><testcase classname="backend.tests.test_ai_advisor_commodities.TestMarketTrackerTabs" name="test_commodities_tab_data" time="0.034" /><testcase classname="backend.tests.test_ai_advisor_commodities.TestMarketTrackerTabs" name="test_currencies_tab_data" time="0.037" /></testsuite></testsuites>