<?xml version="1.0" encoding="utf-8"?><testsuites name="pytest tests"><testsuite name="pytest" errors="0" failures="0" skipped="0" tests="12" time="9.111" timestamp="2026-05-22T11:56:55.839586+00:00" hostname="agent-env-6bf814ce-59da-4a76-83bb-2e7cbd1c84c3"><testcase classname="backend.tests.test_compliance.TestRecordTypes" name="test_requires_auth" time="0.249" /><testcase classname="backend.tests.test_compliance.TestRecordTypes" name="test_returns_six_types" time="0.348" /><testcase classname="backend.tests.test_compliance.TestGenerateValidations" name="test_invalid_record_type_400" time="0.084" /><testcase classname="backend.tests.test_compliance.TestGenerateValidations" name="test_invalid_client_id_404" time="0.051" /><testcase classname="backend.tests.test_compliance.TestGenerate" name="test_generate_record_of_advice" time="3.329" /><testcase classname="backend.tests.test_compliance.TestGenerate" name="test_generate_risk_profile" time="1.880" /><testcase classname="backend.tests.test_compliance.TestGenerate" name="test_generate_product_comparison" time="2.354" /><testcase classname="backend.tests.test_compliance.TestListGetDelete" name="test_list_records" time="0.044" /><testcase classname="backend.tests.test_compliance.TestListGetDelete" name="test_list_filter_by_type" time="0.043" /><testcase classname="backend.tests.test_compliance.TestListGetDelete" name="test_get_single_record" time="0.045" /><testcase classname="backend.tests.test_compliance.TestListGetDelete" name="test_get_bogus_id_404" time="0.044" /><testcase classname="backend.tests.test_compliance.TestListGetDelete" name="test_delete_record" time="0.572" /></testsuite></testsuites>