<?xml version="1.0" encoding="utf-8"?><testsuites name="pytest tests"><testsuite name="pytest" errors="0" failures="0" skipped="0" tests="7" time="1.883" timestamp="2026-04-06T11:07:31.441288+00:00" hostname="agent-env-18cd754a-5536-44e6-85bf-02f456e2ef5d"><testcase classname="backend.tests.test_voice_endpoint.TestVoiceEndpointAvailability" name="test_voice_route_exists_get_returns_405" time="0.149" /><testcase classname="backend.tests.test_voice_endpoint.TestVoiceEndpointAvailability" name="test_post_no_audio_returns_422" time="0.111" /><testcase classname="backend.tests.test_voice_endpoint.TestVoiceEndpointAvailability" name="test_post_no_audio_no_jurisdiction_returns_422" time="0.137" /><testcase classname="backend.tests.test_voice_endpoint.TestVoiceEndpointValidation" name="test_tiny_audio_returns_400" time="0.097" /><testcase classname="backend.tests.test_voice_endpoint.TestVoiceEndpointValidation" name="test_tiny_audio_sa_jurisdiction_returns_400" time="0.113" /><testcase classname="backend.tests.test_voice_endpoint.TestVoiceEndpointValidation" name="test_valid_wav_file_accepted_triggers_processing" time="1.217" /><testcase classname="backend.tests.test_voice_endpoint.TestVoiceEndpointLLMKey" name="test_emergent_llm_key_in_env" time="0.000" /></testsuite></testsuites>