<?xml version="1.0" encoding="utf-8"?><testsuites name="pytest tests"><testsuite name="pytest" errors="0" failures="0" skipped="0" tests="17" time="3.043" timestamp="2026-01-30T14:14:34.701878+00:00" hostname="agent-env-25647dc8-c99f-49af-9413-a53577a6e675"><testcase classname="tests.test_auth_remember_me_coupons.TestHealthCheck" name="test_api_health" time="0.062" /><testcase classname="tests.test_auth_remember_me_coupons.TestLoginRememberMe" name="test_login_with_remember_me_true" time="0.293" /><testcase classname="tests.test_auth_remember_me_coupons.TestLoginRememberMe" name="test_login_with_remember_me_false" time="0.304" /><testcase classname="tests.test_auth_remember_me_coupons.TestLoginRememberMe" name="test_login_without_remember_me_defaults_to_false" time="0.261" /><testcase classname="tests.test_auth_remember_me_coupons.TestLoginRememberMe" name="test_login_invalid_credentials" time="0.038" /><testcase classname="tests.test_auth_remember_me_coupons.TestRegistration" name="test_register_new_user" time="0.263" /><testcase classname="tests.test_auth_remember_me_coupons.TestRegistration" name="test_register_duplicate_email_fails" time="0.038" /><testcase classname="tests.test_auth_remember_me_coupons.TestRegistration" name="test_register_without_company" time="0.262" /><testcase classname="tests.test_auth_remember_me_coupons.TestCouponValidation" name="test_validate_coupon_1" time="0.046" /><testcase classname="tests.test_auth_remember_me_coupons.TestCouponValidation" name="test_validate_coupon_2" time="0.040" /><testcase classname="tests.test_auth_remember_me_coupons.TestCouponValidation" name="test_validate_coupon_3" time="0.039" /><testcase classname="tests.test_auth_remember_me_coupons.TestCouponValidation" name="test_validate_invalid_coupon" time="0.047" /><testcase classname="tests.test_auth_remember_me_coupons.TestCouponValidation" name="test_validate_coupon_case_insensitive" time="0.040" /><testcase classname="tests.test_auth_remember_me_coupons.TestCouponRedemption" name="test_redeem_coupon_requires_auth" time="0.039" /><testcase classname="tests.test_auth_remember_me_coupons.TestCouponRedemption" name="test_redeem_invalid_coupon" time="0.339" /><testcase classname="tests.test_auth_remember_me_coupons.TestCouponRedemption" name="test_redeem_valid_coupon_and_verify_premium" time="0.423" /><testcase classname="tests.test_auth_remember_me_coupons.TestFullRegistrationWithCouponFlow" name="test_register_validate_redeem_flow" time="0.416" /></testsuite></testsuites>