<?xml version="1.0" encoding="utf-8"?><testsuites name="pytest tests"><testsuite name="pytest" errors="0" failures="2" skipped="0" tests="17" time="2.437" timestamp="2026-01-27T12:50:36.806556+00:00" hostname="agent-env-5643a287-b8a9-474f-9b8a-ff9d127dabdc"><testcase classname="backend.tests.test_ai_advisor_commodities.TestAIAdvisorQuickTip" name="test_quick_tip_returns_200" time="0.069" /><testcase classname="backend.tests.test_ai_advisor_commodities.TestAIAdvisorQuickTip" name="test_quick_tip_has_tip_field" time="0.041" /><testcase classname="backend.tests.test_ai_advisor_commodities.TestAIAdvisorQuickTip" name="test_quick_tip_has_topic_field" time="0.039" /><testcase classname="backend.tests.test_ai_advisor_commodities.TestAIAdvisorQuickTip" name="test_quick_tip_with_topic_param" time="0.219" /><testcase classname="backend.tests.test_ai_advisor_commodities.TestAIAdvisorChat" name="test_chat_requires_auth" time="0.035"><failure message="AssertionError: Expected 401 without auth, got 403&#10;assert 403 == 401&#10; +  where 403 = &lt;Response [403]&gt;.status_code">backend/tests/test_ai_advisor_commodities.py:89: in test_chat_requires_auth
    assert response.status_code == 401, f"Expected 401 without auth, got {response.status_code}"
E   AssertionError: Expected 401 without auth, got 403
E   assert 403 == 401
E    +  where 403 = &lt;Response [403]&gt;.status_code</failure></testcase><testcase classname="backend.tests.test_ai_advisor_commodities.TestAIAdvisorChat" name="test_chat_with_auth_returns_response" time="0.959"><failure message="AssertionError: Expected 200, got 520: {&quot;detail&quot;:&quot;AI service error: Failed to generate chat completion: litellm.BadRequestError: OpenAIException - Budget has been exceeded! Current cost: 0.00583275, Max budget: 0.001&quot;}&#10;assert 520 == 200&#10; +  where 520 = &lt;Response [520]&gt;.status_code">backend/tests/test_ai_advisor_commodities.py:100: in test_chat_with_auth_returns_response
    assert response.status_code == 200, f"Expected 200, got {response.status_code}: {response.text}"
E   AssertionError: Expected 200, got 520: {"detail":"AI service error: Failed to generate chat completion: litellm.BadRequestError: OpenAIException - Budget has been exceeded! Current cost: 0.00583275, Max budget: 0.001"}
E   assert 520 == 200
E    +  where 520 = &lt;Response [520]&gt;.status_code</failure></testcase><testcase classname="backend.tests.test_ai_advisor_commodities.TestAIAdvisorChat" name="test_chat_response_contains_financial_content" time="0.628" /><testcase classname="backend.tests.test_ai_advisor_commodities.TestMarketDataCommodities" name="test_market_data_has_commodities" time="0.034" /><testcase classname="backend.tests.test_ai_advisor_commodities.TestMarketDataCommodities" name="test_commodities_has_three_items" time="0.035" /><testcase classname="backend.tests.test_ai_advisor_commodities.TestMarketDataCommodities" name="test_commodities_has_gold" time="0.036" /><testcase classname="backend.tests.test_ai_advisor_commodities.TestMarketDataCommodities" name="test_commodities_has_silver" time="0.035" /><testcase classname="backend.tests.test_ai_advisor_commodities.TestMarketDataCommodities" name="test_commodities_has_bitcoin" time="0.040" /><testcase classname="backend.tests.test_ai_advisor_commodities.TestMarketDataCommodities" name="test_commodity_structure" time="0.033" /><testcase classname="backend.tests.test_ai_advisor_commodities.TestMarketDataCommodities" name="test_commodity_values_are_positive" time="0.040" /><testcase classname="backend.tests.test_ai_advisor_commodities.TestMarketTrackerTabs" name="test_indices_tab_data" time="0.034" /><testcase classname="backend.tests.test_ai_advisor_commodities.TestMarketTrackerTabs" name="test_commodities_tab_data" time="0.034" /><testcase classname="backend.tests.test_ai_advisor_commodities.TestMarketTrackerTabs" name="test_currencies_tab_data" time="0.034" /></testsuite></testsuites>