<?xml version="1.0" encoding="utf-8"?><testsuites name="pytest tests"><testsuite name="pytest" errors="0" failures="0" skipped="0" tests="18" time="0.788" timestamp="2026-01-27T12:29:21.222540+00:00" hostname="agent-env-5643a287-b8a9-474f-9b8a-ff9d127dabdc"><testcase classname="tests.test_subscriptions_market.TestSubscriptionPricing" name="test_get_pricing_returns_200" time="0.110" /><testcase classname="tests.test_subscriptions_market.TestSubscriptionPricing" name="test_pricing_has_three_tiers" time="0.043" /><testcase classname="tests.test_subscriptions_market.TestSubscriptionPricing" name="test_free_tier_pricing" time="0.038" /><testcase classname="tests.test_subscriptions_market.TestSubscriptionPricing" name="test_standard_tier_pricing" time="0.033" /><testcase classname="tests.test_subscriptions_market.TestSubscriptionPricing" name="test_premium_tier_pricing" time="0.034" /><testcase classname="tests.test_subscriptions_market.TestSubscriptionPricing" name="test_free_tier_features" time="0.033" /><testcase classname="tests.test_subscriptions_market.TestSubscriptionPricing" name="test_standard_tier_features" time="0.033" /><testcase classname="tests.test_subscriptions_market.TestSubscriptionPricing" name="test_premium_tier_features" time="0.041" /><testcase classname="tests.test_subscriptions_market.TestSubscriptionPricing" name="test_trial_days_included" time="0.035" /><testcase classname="tests.test_subscriptions_market.TestMarketData" name="test_get_market_data_returns_200" time="0.037" /><testcase classname="tests.test_subscriptions_market.TestMarketData" name="test_market_data_has_indices" time="0.033" /><testcase classname="tests.test_subscriptions_market.TestMarketData" name="test_market_data_has_currencies" time="0.033" /><testcase classname="tests.test_subscriptions_market.TestMarketData" name="test_market_data_has_timestamps" time="0.036" /><testcase classname="tests.test_subscriptions_market.TestMarketData" name="test_index_structure" time="0.034" /><testcase classname="tests.test_subscriptions_market.TestMarketData" name="test_currency_structure" time="0.035" /><testcase classname="tests.test_subscriptions_market.TestMarketData" name="test_has_major_indices" time="0.039" /><testcase classname="tests.test_subscriptions_market.TestMarketData" name="test_has_zar_currency_pairs" time="0.035" /><testcase classname="tests.test_subscriptions_market.TestHealthEndpoint" name="test_health_endpoint" time="0.035" /></testsuite></testsuites>