<?xml version="1.0" encoding="utf-8"?><testsuites name="pytest tests"><testsuite name="pytest" errors="0" failures="0" skipped="0" tests="8" time="2.249" timestamp="2026-05-22T12:52:38.948569+00:00" hostname="agent-env-6bf814ce-59da-4a76-83bb-2e7cbd1c84c3"><testcase classname="backend.tests.test_my_money" name="test_profile_requires_auth" time="0.320" /><testcase classname="backend.tests.test_my_money" name="test_dashboard_requires_auth" time="0.152" /><testcase classname="backend.tests.test_my_money" name="test_update_profile_requires_auth" time="0.147" /><testcase classname="backend.tests.test_my_money" name="test_profile_defaults" time="0.684" /><testcase classname="backend.tests.test_my_money" name="test_put_then_get_round_trip" time="0.102" /><testcase classname="backend.tests.test_my_money" name="test_dashboard_full_shape" time="0.045" /><testcase classname="backend.tests.test_my_money" name="test_dashboard_insufficient_data" time="0.690" /><testcase classname="backend.tests.test_my_money" name="test_user_isolation" time="0.047" /></testsuite></testsuites>