<?xml version="1.0" encoding="utf-8"?><testsuites name="pytest tests"><testsuite name="pytest" errors="0" failures="0" skipped="0" tests="31" time="5.328" timestamp="2026-05-22T13:43:55.962451+00:00" hostname="agent-env-6bf814ce-59da-4a76-83bb-2e7cbd1c84c3"><testcase classname="backend.tests.test_role_enforcement" name="test_individual_gets_403_on_advisor_get[/api/clients]" time="0.622" /><testcase classname="backend.tests.test_role_enforcement" name="test_individual_gets_403_on_advisor_get[/api/reports]" time="0.140" /><testcase classname="backend.tests.test_role_enforcement" name="test_individual_gets_403_on_advisor_get[/api/emails]" time="0.112" /><testcase classname="backend.tests.test_role_enforcement" name="test_individual_gets_403_on_advisor_get[/api/compliance]" time="0.144" /><testcase classname="backend.tests.test_role_enforcement" name="test_individual_gets_403_on_advisor_get[/api/portfolio-review]" time="0.136" /><testcase classname="backend.tests.test_role_enforcement" name="test_individual_gets_403_on_advisor_get[/api/smart-suggestions/all]" time="0.119" /><testcase classname="backend.tests.test_role_enforcement" name="test_individual_gets_403_on_advisor_get[/api/client-360/some-random-id-12345]" time="0.121" /><testcase classname="backend.tests.test_role_enforcement" name="test_advisor_gets_200_on_advisor_get[/api/clients]" time="0.482" /><testcase classname="backend.tests.test_role_enforcement" name="test_advisor_gets_200_on_advisor_get[/api/reports]" time="0.099" /><testcase classname="backend.tests.test_role_enforcement" name="test_advisor_gets_200_on_advisor_get[/api/emails]" time="0.165" /><testcase classname="backend.tests.test_role_enforcement" name="test_advisor_gets_200_on_advisor_get[/api/compliance]" time="0.138" /><testcase classname="backend.tests.test_role_enforcement" name="test_advisor_gets_200_on_advisor_get[/api/portfolio-review]" time="0.150" /><testcase classname="backend.tests.test_role_enforcement" name="test_advisor_gets_200_on_advisor_get[/api/smart-suggestions/all]" time="0.135" /><testcase classname="backend.tests.test_role_enforcement" name="test_advisor_gets_200_on_advisor_get[/api/client-360/some-random-id-12345]" time="0.131" /><testcase classname="backend.tests.test_role_enforcement" name="test_unauthenticated_gets_401_or_403[/api/clients]" time="0.119" /><testcase classname="backend.tests.test_role_enforcement" name="test_unauthenticated_gets_401_or_403[/api/reports]" time="0.116" /><testcase classname="backend.tests.test_role_enforcement" name="test_unauthenticated_gets_401_or_403[/api/emails]" time="0.133" /><testcase classname="backend.tests.test_role_enforcement" name="test_unauthenticated_gets_401_or_403[/api/compliance]" time="0.124" /><testcase classname="backend.tests.test_role_enforcement" name="test_unauthenticated_gets_401_or_403[/api/portfolio-review]" time="0.112" /><testcase classname="backend.tests.test_role_enforcement" name="test_unauthenticated_gets_401_or_403[/api/smart-suggestions/all]" time="0.144" /><testcase classname="backend.tests.test_role_enforcement" name="test_unauthenticated_gets_401_or_403[/api/client-360/some-random-id-12345]" time="0.117" /><testcase classname="backend.tests.test_role_enforcement" name="test_no_role_user_gets_403" time="0.484" /><testcase classname="backend.tests.test_role_enforcement" name="test_individual_gets_403_on_advisor_post[/api/clients-payload0]" time="0.134" /><testcase classname="backend.tests.test_role_enforcement" name="test_individual_gets_403_on_advisor_post[/api/reports/generate-payload1]" time="0.134" /><testcase classname="backend.tests.test_role_enforcement" name="test_individual_gets_403_on_advisor_post[/api/emails/generate-payload2]" time="0.120" /><testcase classname="backend.tests.test_role_enforcement" name="test_individual_gets_403_on_advisor_post[/api/compliance/generate-payload3]" time="0.157" /><testcase classname="backend.tests.test_role_enforcement" name="test_individual_gets_403_on_advisor_post[/api/portfolio-review/generate-payload4]" time="0.120" /><testcase classname="backend.tests.test_role_enforcement" name="test_individual_gets_200_on_shared_endpoint[/api/documents/analyses]" time="0.128" /><testcase classname="backend.tests.test_role_enforcement" name="test_individual_gets_200_on_shared_endpoint[/api/me/financial/profile]" time="0.144" /><testcase classname="backend.tests.test_role_enforcement" name="test_individual_gets_200_on_shared_endpoint[/api/me/financial/dashboard]" time="0.129" /><testcase classname="backend.tests.test_role_enforcement" name="test_individual_gets_200_on_shared_endpoint[/api/me/financial/history]" time="0.143" /></testsuite></testsuites>