<?xml version="1.0" encoding="utf-8"?><testsuites name="pytest tests"><testsuite name="pytest" errors="0" failures="0" skipped="0" tests="9" time="1.614" timestamp="2026-04-06T09:52:21.533487+00:00" hostname="agent-env-18cd754a-5536-44e6-85bf-02f456e2ef5d"><testcase classname="tests.test_growth.TestGrowthLeadCapture" name="test_capture_lead_valid_email" time="0.255" /><testcase classname="tests.test_growth.TestGrowthLeadCapture" name="test_capture_lead_public_tools_source" time="0.104" /><testcase classname="tests.test_growth.TestGrowthLeadCapture" name="test_capture_lead_returns_updated_for_duplicate" time="0.232" /><testcase classname="tests.test_growth.TestGrowthLeadCapture" name="test_capture_lead_invalid_email" time="0.146" /><testcase classname="tests.test_growth.TestGrowthLeadCapture" name="test_capture_lead_empty_email" time="0.251" /><testcase classname="tests.test_growth.TestGrowthReferral" name="test_create_referral_for_new_user" time="0.097" /><testcase classname="tests.test_growth.TestGrowthReferral" name="test_get_existing_referral_returns_same_code" time="0.265" /><testcase classname="tests.test_growth.TestGrowthReferral" name="test_referral_code_format" time="0.098" /><testcase classname="tests.test_growth.TestGrowthLeadCount" name="test_lead_count_returns_counts" time="0.110" /></testsuite></testsuites>