<?xml version="1.0" encoding="utf-8"?><testsuites name="pytest tests"><testsuite name="pytest" errors="0" failures="0" skipped="0" tests="11" time="3.697" timestamp="2026-05-22T11:04:52.681952+00:00" hostname="agent-env-6bf814ce-59da-4a76-83bb-2e7cbd1c84c3"><testcase classname="backend.tests.test_role_workspace.TestRegisterRole" name="test_register_individual_includes_role" time="0.527" /><testcase classname="backend.tests.test_role_workspace.TestRegisterRole" name="test_register_advisor_includes_role" time="0.271" /><testcase classname="backend.tests.test_role_workspace.TestRegisterRole" name="test_register_without_role_stores_null" time="0.278" /><testcase classname="backend.tests.test_role_workspace.TestMeRole" name="test_me_returns_role_for_individual" time="0.314" /><testcase classname="backend.tests.test_role_workspace.TestMeRole" name="test_me_returns_null_when_no_role" time="0.316" /><testcase classname="backend.tests.test_role_workspace.TestSetRole" name="test_set_role_advisor_success" time="0.363" /><testcase classname="backend.tests.test_role_workspace.TestSetRole" name="test_set_role_individual_success" time="0.313" /><testcase classname="backend.tests.test_role_workspace.TestSetRole" name="test_set_role_invalid_value_rejected" time="0.312" /><testcase classname="backend.tests.test_role_workspace.TestSetRole" name="test_set_role_already_set_rejected" time="0.358" /><testcase classname="backend.tests.test_role_workspace.TestSetRole" name="test_set_role_requires_auth" time="0.043" /><testcase classname="backend.tests.test_role_workspace.TestLoginRole" name="test_login_includes_role" time="0.540" /></testsuite></testsuites>