<?xml version="1.0" encoding="utf-8"?><testsuites name="pytest tests"><testsuite name="pytest" errors="0" failures="0" skipped="1" tests="14" time="7.725" timestamp="2026-05-22T15:09:53.081335+00:00" hostname="agent-env-b275f156-2ba4-4cf6-9d22-ab1892434d5b"><testcase classname="backend.tests.test_money_digest.TestDigestPreview" name="test_preview_no_snapshot_returns_400" time="3.035" /><testcase classname="backend.tests.test_money_digest.TestDigestPreview" name="test_seed_profile_creates_snapshot" time="0.146" /><testcase classname="backend.tests.test_money_digest.TestDigestPreview" name="test_preview_returns_payload" time="1.855" /><testcase classname="backend.tests.test_money_digest.TestDigestPreview" name="test_idempotent_snapshot_for_same_period" time="0.198" /><testcase classname="backend.tests.test_money_digest.TestDigestSend" name="test_send_success" time="1.408" /><testcase classname="backend.tests.test_money_digest.TestDigestSend" name="test_send_unauth" time="0.065" /><testcase classname="backend.tests.test_money_digest.TestDigestSend" name="test_preview_unauth" time="0.066" /><testcase classname="backend.tests.test_money_digest.TestAdvisorOnDigest" name="test_advisor_can_call_preview_endpoint" time="0.347" /><testcase classname="backend.tests.test_money_digest.TestRoleGatingRegression" name="test_individual_blocked_from_advisor_routes[/reports]" time="0.063" /><testcase classname="backend.tests.test_money_digest.TestRoleGatingRegression" name="test_individual_blocked_from_advisor_routes[/emails]" time="0.062" /><testcase classname="backend.tests.test_money_digest.TestRoleGatingRegression" name="test_individual_blocked_from_advisor_routes[/compliance]" time="0.096" /><testcase classname="backend.tests.test_money_digest.TestRoleGatingRegression" name="test_individual_blocked_from_advisor_routes[/portfolio-review]" time="0.062" /><testcase classname="backend.tests.test_money_digest.TestRoleGatingRegression" name="test_individual_blocked_from_advisor_routes[/clients]" time="0.061" /><testcase classname="backend.tests.test_money_digest.TestPricingTiers" name="test_pricing_endpoint" time="0.196"><skipped type="pytest.skip" message="No pricing API endpoint found — pricing is likely frontend-only constants.">/app/backend/tests/test_money_digest.py:199: No pricing API endpoint found — pricing is likely frontend-only constants.</skipped></testcase></testsuite></testsuites>