<?xml version="1.0" encoding="utf-8"?><testsuites name="pytest tests"><testsuite name="pytest" errors="0" failures="0" skipped="0" tests="6" time="2.485" timestamp="2026-05-22T13:23:32.584831+00:00" hostname="agent-env-6bf814ce-59da-4a76-83bb-2e7cbd1c84c3"><testcase classname="backend.tests.test_my_money_history" name="test_history_requires_auth" time="0.381" /><testcase classname="backend.tests.test_my_money_history" name="test_put_profile_writes_snapshot" time="0.762" /><testcase classname="backend.tests.test_my_money_history" name="test_double_save_same_month_upserts" time="0.217" /><testcase classname="backend.tests.test_my_money_history" name="test_history_oldest_first_with_seeded_older" time="0.070" /><testcase classname="backend.tests.test_my_money_history" name="test_history_months_limit" time="0.074" /><testcase classname="backend.tests.test_my_money_history" name="test_user_isolation" time="0.850" /></testsuite></testsuites>