<?xml version="1.0" encoding="utf-8"?><testsuites name="pytest tests"><testsuite name="pytest" errors="0" failures="3" skipped="0" tests="21" time="2.827" timestamp="2026-01-28T07:43:03.880402+00:00" hostname="agent-env-3c46358f-a045-4a2c-a767-968c2c5ca240"><testcase classname="backend.tests.test_analytics_subscriptions_coupons.TestHealthAndBasics" name="test_health_endpoint" time="0.081" /><testcase classname="backend.tests.test_analytics_subscriptions_coupons.TestUserRegistrationAndLogin" name="test_register_new_user" time="0.328" /><testcase classname="backend.tests.test_analytics_subscriptions_coupons.TestUserRegistrationAndLogin" name="test_login_existing_user" time="0.562" /><testcase classname="backend.tests.test_analytics_subscriptions_coupons.TestUserRegistrationAndLogin" name="test_login_invalid_credentials" time="0.041" /><testcase classname="backend.tests.test_analytics_subscriptions_coupons.TestSubscriptionPricing" name="test_pricing_endpoint_returns_200" time="0.044" /><testcase classname="backend.tests.test_analytics_subscriptions_coupons.TestSubscriptionPricing" name="test_pricing_has_three_tiers" time="0.036" /><testcase classname="backend.tests.test_analytics_subscriptions_coupons.TestSubscriptionPricing" name="test_free_tier_pricing" time="0.036" /><testcase classname="backend.tests.test_analytics_subscriptions_coupons.TestSubscriptionPricing" name="test_standard_tier_pricing" time="0.040" /><testcase classname="backend.tests.test_analytics_subscriptions_coupons.TestSubscriptionPricing" name="test_premium_tier_pricing" time="0.038" /><testcase classname="backend.tests.test_analytics_subscriptions_coupons.TestSubscriptionPricing" name="test_trial_days_included" time="0.043" /><testcase classname="backend.tests.test_analytics_subscriptions_coupons.TestSubscriptionCurrent" name="test_current_subscription_requires_auth" time="0.038"><failure message="assert 403 == 401&#10; +  where 403 = &lt;Response [403]&gt;.status_code">backend/tests/test_analytics_subscriptions_coupons.py:167: in test_current_subscription_requires_auth
    assert response.status_code == 401
E   assert 403 == 401
E    +  where 403 = &lt;Response [403]&gt;.status_code</failure></testcase><testcase classname="backend.tests.test_analytics_subscriptions_coupons.TestSubscriptionCurrent" name="test_new_user_has_free_tier" time="0.304" /><testcase classname="backend.tests.test_analytics_subscriptions_coupons.TestCouponValidation" name="test_validate_valid_coupon" time="0.036" /><testcase classname="backend.tests.test_analytics_subscriptions_coupons.TestCouponValidation" name="test_validate_invalid_coupon" time="0.035" /><testcase classname="backend.tests.test_analytics_subscriptions_coupons.TestCouponRedemption" name="test_redeem_coupon_requires_auth" time="0.037"><failure message="assert 403 == 401&#10; +  where 403 = &lt;Response [403]&gt;.status_code">backend/tests/test_analytics_subscriptions_coupons.py:224: in test_redeem_coupon_requires_auth
    assert response.status_code == 401
E   assert 403 == 401
E    +  where 403 = &lt;Response [403]&gt;.status_code</failure></testcase><testcase classname="backend.tests.test_analytics_subscriptions_coupons.TestCouponRedemption" name="test_redeem_invalid_coupon" time="0.301" /><testcase classname="backend.tests.test_analytics_subscriptions_coupons.TestAnalyticsDashboard" name="test_analytics_dashboard_requires_auth" time="0.036"><failure message="assert 403 == 401&#10; +  where 403 = &lt;Response [403]&gt;.status_code">backend/tests/test_analytics_subscriptions_coupons.py:263: in test_analytics_dashboard_requires_auth
    assert response.status_code == 401
E   assert 403 == 401
E    +  where 403 = &lt;Response [403]&gt;.status_code</failure></testcase><testcase classname="backend.tests.test_analytics_subscriptions_coupons.TestAnalyticsDashboard" name="test_analytics_dashboard_returns_data" time="0.316" /><testcase classname="backend.tests.test_analytics_subscriptions_coupons.TestAnalyticsDashboard" name="test_analytics_stats_endpoint" time="0.038" /><testcase classname="backend.tests.test_analytics_subscriptions_coupons.TestAnalyticsDashboard" name="test_analytics_users_endpoint" time="0.037" /><testcase classname="backend.tests.test_analytics_subscriptions_coupons.TestHeaderNavigation" name="test_auth_me_endpoint" time="0.298" /></testsuite></testsuites>