<?xml version="1.0" encoding="utf-8"?><testsuites name="pytest tests"><testsuite name="pytest" errors="0" failures="0" skipped="0" tests="10" time="0.826" timestamp="2026-02-04T14:24:23.657920+00:00" hostname="agent-env-9900def4-3fd9-442a-acfc-8a96599a61a6"><testcase classname="tests.test_payfast.TestPayFastITN" name="test_payfast_notify_accepts_post" time="0.073" /><testcase classname="tests.test_payfast.TestPayFastITN" name="test_payfast_notify_with_complete_status" time="0.081" /><testcase classname="tests.test_payfast.TestPayFastITN" name="test_payfast_notify_with_pending_status" time="0.048" /><testcase classname="tests.test_payfast.TestPayFastITN" name="test_payfast_notify_with_failed_status" time="0.037" /><testcase classname="tests.test_payfast.TestPayFastITN" name="test_payfast_notify_with_cancelled_status" time="0.043" /><testcase classname="tests.test_payfast.TestPayFastITN" name="test_payfast_notify_empty_payload" time="0.042" /><testcase classname="tests.test_payfast.TestPayFastITN" name="test_payfast_status_endpoint_not_found" time="0.042" /><testcase classname="tests.test_payfast.TestAuthAndLogin" name="test_login_success" time="0.304" /><testcase classname="tests.test_payfast.TestAuthAndLogin" name="test_login_invalid_credentials" time="0.047" /><testcase classname="tests.test_payfast.TestHealthEndpoint" name="test_health_check" time="0.043" /></testsuite></testsuites>