<?xml version="1.0" encoding="utf-8"?><testsuites name="pytest tests"><testsuite name="pytest" errors="0" failures="0" skipped="0" tests="10" time="8.802" timestamp="2026-05-22T11:45:12.637992+00:00" hostname="agent-env-6bf814ce-59da-4a76-83bb-2e7cbd1c84c3"><testcase classname="backend.tests.test_email_generator.TestTemplates" name="test_templates_requires_auth" time="0.306" /><testcase classname="backend.tests.test_email_generator.TestTemplates" name="test_templates_returns_eight_and_four" time="0.348" /><testcase classname="backend.tests.test_email_generator.TestGenerateValidation" name="test_invalid_template_type_returns_400" time="0.046" /><testcase classname="backend.tests.test_email_generator.TestGenerateValidation" name="test_invalid_tone_returns_400" time="0.044" /><testcase classname="backend.tests.test_email_generator.TestGenerateValidation" name="test_unauthenticated_generate_blocked" time="0.047" /><testcase classname="backend.tests.test_email_generator.TestGenerate" name="test_generate_review_email" time="3.381" /><testcase classname="backend.tests.test_email_generator.TestGenerate" name="test_generate_whatsapp_brief" time="1.069" /><testcase classname="backend.tests.test_email_generator.TestGenerate" name="test_generate_empty_body_does_not_500" time="0.936" /><testcase classname="backend.tests.test_email_generator.TestListDelete" name="test_list_emails" time="0.049" /><testcase classname="backend.tests.test_email_generator.TestListDelete" name="test_delete_email_and_verify" time="2.517" /></testsuite></testsuites>