<?xml version="1.0" encoding="utf-8"?><testsuites name="pytest tests"><testsuite name="pytest" errors="0" failures="0" skipped="0" tests="20" time="7.250" timestamp="2026-01-27T11:02:18.962040+00:00" hostname="agent-env-5643a287-b8a9-474f-9b8a-ff9d127dabdc"><testcase classname="backend.tests.test_advanced_tools.TestGoalsEndpoints" name="test_create_goal" time="0.361" /><testcase classname="backend.tests.test_advanced_tools.TestGoalsEndpoints" name="test_create_goal_with_status_calculation" time="0.365" /><testcase classname="backend.tests.test_advanced_tools.TestGoalsEndpoints" name="test_create_completed_goal" time="0.329" /><testcase classname="backend.tests.test_advanced_tools.TestGoalsEndpoints" name="test_get_client_goals" time="0.367" /><testcase classname="backend.tests.test_advanced_tools.TestGoalsEndpoints" name="test_create_goal_invalid_client" time="0.335" /><testcase classname="backend.tests.test_advanced_tools.TestMeetingsEndpoints" name="test_create_meeting_note" time="0.333" /><testcase classname="backend.tests.test_advanced_tools.TestMeetingsEndpoints" name="test_get_client_meetings" time="0.409" /><testcase classname="backend.tests.test_advanced_tools.TestMeetingsEndpoints" name="test_get_pending_action_items" time="0.369" /><testcase classname="backend.tests.test_advanced_tools.TestReviewsEndpoints" name="test_create_review_schedule" time="0.325" /><testcase classname="backend.tests.test_advanced_tools.TestReviewsEndpoints" name="test_get_client_review" time="0.360" /><testcase classname="backend.tests.test_advanced_tools.TestReviewsEndpoints" name="test_get_upcoming_reviews" time="0.447" /><testcase classname="backend.tests.test_advanced_tools.TestPortfolioEndpoints" name="test_create_portfolio" time="0.327" /><testcase classname="backend.tests.test_advanced_tools.TestPortfolioEndpoints" name="test_get_client_portfolio" time="0.446" /><testcase classname="backend.tests.test_advanced_tools.TestPortfolioEndpoints" name="test_get_rebalancing_suggestions" time="0.387" /><testcase classname="backend.tests.test_advanced_tools.TestMonteCarloEndpoint" name="test_run_monte_carlo_simulation" time="0.308" /><testcase classname="backend.tests.test_advanced_tools.TestMonteCarloEndpoint" name="test_monte_carlo_with_high_savings" time="0.302" /><testcase classname="backend.tests.test_advanced_tools.TestMonteCarloEndpoint" name="test_monte_carlo_with_low_savings" time="0.293" /><testcase classname="backend.tests.test_advanced_tools.TestPDFReportEndpoint" name="test_download_analysis_report" time="0.380" /><testcase classname="backend.tests.test_advanced_tools.TestPDFReportEndpoint" name="test_download_goals_report" time="0.397" /><testcase classname="backend.tests.test_advanced_tools.TestPDFReportEndpoint" name="test_download_report_invalid_client" time="0.354" /></testsuite></testsuites>