<?xml version="1.0" encoding="utf-8"?><testsuites name="pytest tests"><testsuite name="pytest" errors="0" failures="0" skipped="0" tests="10" time="3.522" timestamp="2026-05-22T13:06:31.157863+00:00" hostname="agent-env-6bf814ce-59da-4a76-83bb-2e7cbd1c84c3"><testcase classname="backend.tests.test_smart_suggestions" name="test_all_requires_auth" time="0.322" /><testcase classname="backend.tests.test_smart_suggestions" name="test_client_requires_auth" time="0.129" /><testcase classname="backend.tests.test_smart_suggestions" name="test_all_shape" time="0.566" /><testcase classname="backend.tests.test_smart_suggestions" name="test_admin_client_returns_expected_kinds" time="0.108" /><testcase classname="backend.tests.test_smart_suggestions" name="test_bogus_client_returns_404" time="0.109" /><testcase classname="backend.tests.test_smart_suggestions" name="test_isolation_empty_for_new_advisor" time="0.774" /><testcase classname="backend.tests.test_smart_suggestions" name="test_isolation_cant_access_other_advisors_client" time="0.161" /><testcase classname="backend.tests.test_smart_suggestions" name="test_no_portfolio_review_rule" time="0.540" /><testcase classname="backend.tests.test_smart_suggestions" name="test_stale_review_and_outdated_products" time="0.349" /><testcase classname="backend.tests.test_smart_suggestions" name="test_all_good_fallback" time="0.341" /></testsuite></testsuites>