<?xml version="1.0" encoding="utf-8"?><testsuites name="pytest tests"><testsuite name="pytest" errors="0" failures="0" skipped="0" tests="8" time="1.574" timestamp="2026-04-06T11:40:16.203760+00:00" hostname="agent-env-18cd754a-5536-44e6-85bf-02f456e2ef5d"><testcase classname="backend.tests.test_batch_transactions.TestBatchCreateTransactions" name="test_batch_with_2_valid_transactions" time="0.591" /><testcase classname="backend.tests.test_batch_transactions.TestBatchCreateTransactions" name="test_batch_with_1_transaction" time="0.111" /><testcase classname="backend.tests.test_batch_transactions.TestBatchCreateTransactions" name="test_batch_verifies_data_persisted" time="0.210" /><testcase classname="backend.tests.test_batch_transactions.TestBatchValidation" name="test_empty_array_returns_400" time="0.099" /><testcase classname="backend.tests.test_batch_transactions.TestBatchValidation" name="test_missing_required_field_returns_422" time="0.146" /><testcase classname="backend.tests.test_batch_transactions.TestBatchValidation" name="test_invalid_amount_zero_returns_422" time="0.100" /><testcase classname="backend.tests.test_batch_transactions.TestBatchAuth" name="test_no_auth_returns_401_or_403" time="0.127" /><testcase classname="backend.tests.test_batch_transactions.TestBatchAuth" name="test_invalid_token_returns_401" time="0.132" /></testsuite></testsuites>