<?xml version="1.0" encoding="utf-8"?><testsuites name="pytest tests"><testsuite name="pytest" errors="0" failures="0" skipped="0" tests="15" time="4.508" timestamp="2026-03-27T08:25:01.403180+00:00" hostname="agent-env-a8b8f372-bad9-4870-a110-96285864202c"><testcase classname="backend.tests.test_transactions.TestTransactionsAPI" name="test_health_check" time="0.155" /><testcase classname="backend.tests.test_transactions.TestTransactionsAPI" name="test_create_transaction_expense" time="0.554" /><testcase classname="backend.tests.test_transactions.TestTransactionsAPI" name="test_create_transaction_income" time="0.131" /><testcase classname="backend.tests.test_transactions.TestTransactionsAPI" name="test_create_tax_deductible_transaction" time="0.132" /><testcase classname="backend.tests.test_transactions.TestTransactionsAPI" name="test_get_transactions" time="0.127" /><testcase classname="backend.tests.test_transactions.TestTransactionsAPI" name="test_get_transactions_by_month" time="0.130" /><testcase classname="backend.tests.test_transactions.TestTransactionsAPI" name="test_delete_transaction" time="0.359" /><testcase classname="backend.tests.test_transactions.TestTransactionsAPI" name="test_delete_nonexistent_transaction" time="0.155" /><testcase classname="backend.tests.test_transactions.TestTransactionsAPI" name="test_create_transaction_invalid_amount" time="0.129" /><testcase classname="backend.tests.test_transactions.TestTransactionsAPI" name="test_unauthorized_access" time="0.133" /><testcase classname="backend.tests.test_transactions.TestReceiptUploadAPI" name="test_upload_receipt_image" time="0.891" /><testcase classname="backend.tests.test_transactions.TestReceiptUploadAPI" name="test_get_receipt" time="0.243" /><testcase classname="backend.tests.test_transactions.TestReceiptUploadAPI" name="test_upload_receipt_invalid_type" time="0.128" /><testcase classname="backend.tests.test_transactions.TestReceiptUploadAPI" name="test_upload_receipt_nonexistent_transaction" time="0.127" /><testcase classname="backend.tests.test_transactions.TestCleanup" name="test_cleanup_test_transactions" time="1.041" /></testsuite></testsuites>