<?xml version="1.0" encoding="utf-8"?><testsuites name="pytest tests"><testsuite name="pytest" errors="0" failures="0" skipped="0" tests="21" time="7.668" timestamp="2026-01-27T10:21:01.420076+00:00" hostname="agent-env-50be9391-f677-46a3-9c37-c5b80e386b77"><testcase classname="tests.test_api.TestHealthCheck" name="test_health_endpoint" time="0.105" /><testcase classname="tests.test_api.TestAuthEndpoints" name="test_register_new_user" time="0.298" /><testcase classname="tests.test_api.TestAuthEndpoints" name="test_register_duplicate_email" time="0.310" /><testcase classname="tests.test_api.TestAuthEndpoints" name="test_login_success" time="0.563" /><testcase classname="tests.test_api.TestAuthEndpoints" name="test_login_invalid_password" time="0.526" /><testcase classname="tests.test_api.TestAuthEndpoints" name="test_login_nonexistent_user" time="0.044" /><testcase classname="tests.test_api.TestClientEndpoints" name="test_create_client" time="0.308" /><testcase classname="tests.test_api.TestClientEndpoints" name="test_get_clients_list" time="0.383" /><testcase classname="tests.test_api.TestClientEndpoints" name="test_get_client_by_id" time="0.356" /><testcase classname="tests.test_api.TestClientEndpoints" name="test_update_client" time="0.371" /><testcase classname="tests.test_api.TestClientEndpoints" name="test_delete_client" time="0.445" /><testcase classname="tests.test_api.TestClientEndpoints" name="test_get_nonexistent_client" time="0.294" /><testcase classname="tests.test_api.TestClientEndpoints" name="test_unauthorized_access" time="0.298" /><testcase classname="tests.test_api.TestFinancialDataEndpoints" name="test_update_financial_data" time="0.367" /><testcase classname="tests.test_api.TestFinancialDataEndpoints" name="test_get_financial_analysis" time="0.413" /><testcase classname="tests.test_api.TestFinancialDataEndpoints" name="test_refresh_analysis" time="0.415" /><testcase classname="tests.test_api.TestFinancialDataEndpoints" name="test_analysis_with_no_shortfalls" time="0.374" /><testcase classname="tests.test_api.TestShortfallAnalysisLogic" name="test_life_insurance_shortfall_critical" time="0.410" /><testcase classname="tests.test_api.TestShortfallAnalysisLogic" name="test_emergency_fund_shortfall" time="0.456" /><testcase classname="tests.test_api.TestShortfallAnalysisLogic" name="test_high_debt_ratio_shortfall" time="0.367" /><testcase classname="tests.test_api.TestShortfallAnalysisLogic" name="test_low_savings_rate_shortfall" time="0.412" /></testsuite></testsuites>