<?xml version="1.0" encoding="utf-8"?><testsuites name="pytest tests"><testsuite name="pytest" errors="0" failures="0" skipped="0" tests="9" time="6.015" timestamp="2026-05-22T10:22:35.403878+00:00" hostname="agent-env-6bf814ce-59da-4a76-83bb-2e7cbd1c84c3"><testcase classname="backend.tests.test_report_builder.TestBranding" name="test_get_branding_defaults" time="0.713" /><testcase classname="backend.tests.test_report_builder.TestBranding" name="test_put_branding_upserts" time="0.232" /><testcase classname="backend.tests.test_report_builder.TestGenerate" name="test_generate_with_only_notes" time="3.995" /><testcase classname="backend.tests.test_report_builder.TestGenerate" name="test_generate_empty_returns_400" time="0.191" /><testcase classname="backend.tests.test_report_builder.TestGenerate" name="test_generate_invalid_client_404" time="0.162" /><testcase classname="backend.tests.test_report_builder.TestListGetDelete" name="test_list_reports" time="0.115" /><testcase classname="backend.tests.test_report_builder.TestListGetDelete" name="test_get_single_report" time="0.181" /><testcase classname="backend.tests.test_report_builder.TestListGetDelete" name="test_delete_report_and_verify_404" time="0.248" /><testcase classname="backend.tests.test_report_builder.TestAuth" name="test_unauthenticated_blocked" time="0.121" /></testsuite></testsuites>