<?xml version="1.0" encoding="utf-8"?><testsuites name="pytest tests"><testsuite name="pytest" errors="0" failures="0" skipped="0" tests="11" time="4.974" timestamp="2026-02-16T07:02:25.304851+00:00" hostname="agent-env-1f8c48e9-4458-404b-a21b-b2bb379c5339"><testcase classname="backend.tests.test_password_reset.TestPasswordResetFlow" name="test_api_health" time="0.156" /><testcase classname="backend.tests.test_password_reset.TestPasswordResetFlow" name="test_login_with_existing_credentials" time="0.356" /><testcase classname="backend.tests.test_password_reset.TestPasswordResetFlow" name="test_forgot_password_with_valid_email" time="0.117" /><testcase classname="backend.tests.test_password_reset.TestPasswordResetFlow" name="test_forgot_password_with_nonexistent_email" time="0.116" /><testcase classname="backend.tests.test_password_reset.TestPasswordResetFlow" name="test_forgot_password_invalid_email_format" time="0.108" /><testcase classname="backend.tests.test_password_reset.TestVerifyResetCode" name="test_verify_reset_code_success" time="0.440" /><testcase classname="backend.tests.test_password_reset.TestVerifyResetCode" name="test_verify_reset_code_invalid_code" time="0.126" /><testcase classname="backend.tests.test_password_reset.TestVerifyResetCode" name="test_verify_reset_code_short_password" time="0.454" /><testcase classname="backend.tests.test_password_reset.TestVerifyResetCode" name="test_reset_code_can_only_be_used_once" time="0.541" /><testcase classname="backend.tests.test_password_reset.TestFullPasswordResetFlow" name="test_full_reset_and_login_flow" time="1.945" /><testcase classname="backend.tests.test_password_reset.TestExistingTestUserCredentials" name="test_verify_test_user_login" time="0.540" /></testsuite></testsuites>