<?xml version="1.0" encoding="utf-8"?><testsuites name="pytest tests"><testsuite name="pytest" errors="0" failures="0" skipped="0" tests="11" time="3.154" timestamp="2026-05-23T07:19:32.413562+00:00" hostname="agent-env-b275f156-2ba4-4cf6-9d22-ab1892434d5b"><testcase classname="backend.tests.test_branding_logo" name="test_advisor_upload_logo_returns_data_uri" time="1.283" /><testcase classname="backend.tests.test_branding_logo" name="test_get_branding_includes_logo" time="0.104" /><testcase classname="backend.tests.test_branding_logo" name="test_empty_file_400" time="0.110" /><testcase classname="backend.tests.test_branding_logo" name="test_unsupported_extension_400" time="0.123" /><testcase classname="backend.tests.test_branding_logo" name="test_file_too_large_400" time="0.201" /><testcase classname="backend.tests.test_branding_logo" name="test_delete_logo_clears" time="0.328" /><testcase classname="backend.tests.test_branding_logo" name="test_individual_cannot_upload_logo" time="0.435" /><testcase classname="backend.tests.test_branding_logo" name="test_individual_cannot_delete_logo" time="0.097" /><testcase classname="backend.tests.test_branding_logo" name="test_put_branding_still_works" time="0.204" /><testcase classname="backend.tests.test_branding_logo" name="test_irp5_list_for_individual" time="0.102" /><testcase classname="backend.tests.test_branding_logo" name="test_digest_preview_for_individual" time="0.099" /></testsuite></testsuites>