<?xml version="1.0" encoding="utf-8"?><testsuites name="pytest tests"><testsuite name="pytest" errors="0" failures="0" skipped="0" tests="7" time="4.385" timestamp="2026-03-27T08:39:45.016667+00:00" hostname="agent-env-a8b8f372-bad9-4870-a110-96285864202c"><testcase classname="backend.tests.test_ocr_receipts.TestOCRReceiptAPI" name="test_get_ocr_data_existing_receipt" time="0.646" /><testcase classname="backend.tests.test_ocr_receipts.TestOCRReceiptAPI" name="test_reanalyze_existing_receipt" time="1.537" /><testcase classname="backend.tests.test_ocr_receipts.TestOCRReceiptAPI" name="test_get_ocr_data_nonexistent_receipt" time="0.126" /><testcase classname="backend.tests.test_ocr_receipts.TestOCRReceiptAPI" name="test_reanalyze_nonexistent_receipt" time="0.130" /><testcase classname="backend.tests.test_ocr_receipts.TestOCRReceiptAPI" name="test_upload_receipt_with_ocr" time="1.293" /><testcase classname="backend.tests.test_ocr_receipts.TestOCRReceiptAPI" name="test_ocr_data_structure_validation" time="0.122" /><testcase classname="backend.tests.test_ocr_receipts.TestOCRCleanup" name="test_cleanup_ocr_test_transactions" time="0.470" /></testsuite></testsuites>